<?xml version="1.0" encoding="utf-8"?><testsuites name="pytest tests"><testsuite name="pytest" errors="0" failures="0" skipped="0" tests="6" time="3.359" timestamp="2026-03-12T09:50:04.309524+00:00" hostname="agent-env-6e379dce-903f-44de-b28d-b7446121cd2c"><testcase classname="backend.tests.test_parkvision_flows" name="test_landing_health_and_csrf_cookie" time="0.278" /><testcase classname="backend.tests.test_parkvision_flows" name="test_register_requires_csrf" time="0.106" /><testcase classname="backend.tests.test_parkvision_flows" name="test_auth_me_and_dashboard_protection" time="0.811" /><testcase classname="backend.tests.test_parkvision_flows" name="test_slots_routes_and_profile_route_conflict" time="0.287" /><testcase classname="backend.tests.test_parkvision_flows" name="test_booking_payment_receipt_and_cancel_flow" time="0.579" /><testcase classname="backend.tests.test_parkvision_flows" name="test_profile_update_vehicle_preferences_password_and_csrf" time="1.231" /></testsuite></testsuites>